<?xml version="1.0" encoding="UTF-8"?>
<coverage generated="1754160507583" clover="3.2.0">
  <project timestamp="1754160507584" name="All files">
    <metrics statements="35" coveredstatements="29" conditionals="11" coveredconditionals="5" methods="10" coveredmethods="8" elements="56" coveredelements="42" complexity="0" loc="35" ncloc="35" packages="1" files="5" classes="5"/>
    <file name="LayoutCliente.tsx" path="D:\PASTAC\Felipe Martini\Documentos\Next.js-Método\nextjs-app\app\LayoutCliente.tsx">
      <metrics statements="8" coveredstatements="6" conditionals="2" coveredconditionals="1" methods="4" coveredmethods="3"/>
      <line num="18" count="2" type="stmt"/>
      <line num="19" count="2" type="stmt"/>
      <line num="29" count="0" type="stmt"/>
      <line num="41" count="2" type="stmt"/>
      <line num="47" count="2" type="cond" truecount="1" falsecount="1"/>
      <line num="48" count="0" type="stmt"/>
      <line num="57" count="2" type="stmt"/>
      <line num="59" count="2" type="stmt"/>
    </file>
    <file name="Rodape.tsx" path="D:\PASTAC\Felipe Martini\Documentos\Next.js-Método\nextjs-app\app\Rodape.tsx">
      <metrics statements="3" coveredstatements="3" conditionals="0" coveredconditionals="0" methods="1" coveredmethods="1"/>
      <line num="15" count="3" type="stmt"/>
      <line num="16" count="3" type="stmt"/>
      <line num="19" count="3" type="stmt"/>
    </file>
    <file name="contextoTema.tsx" path="D:\PASTAC\Felipe Martini\Documentos\Next.js-Método\nextjs-app\app\contextoTema.tsx">
      <metrics statements="17" coveredstatements="13" conditionals="9" coveredconditionals="4" methods="4" coveredmethods="3"/>
      <line num="14" count="3" type="stmt"/>
      <line num="26" count="3" type="stmt"/>
      <line num="31" count="5" type="stmt"/>
      <line num="34" count="5" type="stmt"/>
      <line num="35" count="5" type="stmt"/>
      <line num="36" count="5" type="cond" truecount="1" falsecount="1"/>
      <line num="37" count="5" type="cond" truecount="2" falsecount="3"/>
      <line num="38" count="0" type="stmt"/>
      <line num="43" count="5" type="stmt"/>
      <line num="44" count="0" type="stmt"/>
      <line num="45" count="0" type="stmt"/>
      <line num="49" count="5" type="stmt"/>
      <line num="51" count="5" type="stmt"/>
      <line num="60" count="7" type="stmt"/>
      <line num="61" count="7" type="cond" truecount="1" falsecount="1"/>
      <line num="62" count="0" type="stmt"/>
      <line num="64" count="7" type="stmt"/>
    </file>
    <file name="page.tsx" path="D:\PASTAC\Felipe Martini\Documentos\Next.js-Método\nextjs-app\app\page.tsx">
      <metrics statements="4" coveredstatements="4" conditionals="0" coveredconditionals="0" methods="1" coveredmethods="1"/>
      <line num="2" count="1" type="stmt"/>
      <line num="9" count="2" type="stmt"/>
      <line num="10" count="2" type="stmt"/>
      <line num="11" count="2" type="stmt"/>
    </file>
    <file name="temas.ts" path="D:\PASTAC\Felipe Martini\Documentos\Next.js-Método\nextjs-app\app\temas.ts">
      <metrics statements="3" coveredstatements="3" conditionals="0" coveredconditionals="0" methods="0" coveredmethods="0"/>
      <line num="8" count="3" type="stmt"/>
      <line num="34" count="3" type="stmt"/>
      <line num="61" count="3" type="stmt"/>
    </file>
  </project>
</coverage>
