<?xml version="1.0" encoding="UTF-8"?>
<coverage generated="1754162809334" clover="3.2.0">
  <project timestamp="1754162809334" name="All files">
    <metrics statements="56" coveredstatements="50" conditionals="11" coveredconditionals="5" methods="16" coveredmethods="14" elements="83" coveredelements="69" complexity="0" loc="56" ncloc="56" packages="6" files="10" classes="10"/>
    <package name="app">
      <metrics statements="35" coveredstatements="29" conditionals="11" coveredconditionals="5" methods="10" coveredmethods="8"/>
      <file name="LayoutCliente.tsx" path="D:\PASTAC\Felipe Martini\Documentos\Next.js-Método\nextjs-app\app\LayoutCliente.tsx">
        <metrics statements="8" coveredstatements="6" conditionals="2" coveredconditionals="1" methods="4" coveredmethods="3"/>
        <line num="18" count="2" type="stmt"/>
        <line num="19" count="2" type="stmt"/>
        <line num="29" count="0" type="stmt"/>
        <line num="41" count="2" type="stmt"/>
        <line num="47" count="2" type="cond" truecount="1" falsecount="1"/>
        <line num="48" count="0" type="stmt"/>
        <line num="57" count="2" type="stmt"/>
        <line num="59" count="2" type="stmt"/>
      </file>
      <file name="Rodape.tsx" path="D:\PASTAC\Felipe Martini\Documentos\Next.js-Método\nextjs-app\app\Rodape.tsx">
        <metrics statements="3" coveredstatements="3" conditionals="0" coveredconditionals="0" methods="1" coveredmethods="1"/>
        <line num="15" count="3" type="stmt"/>
        <line num="16" count="3" type="stmt"/>
        <line num="19" count="3" type="stmt"/>
      </file>
      <file name="contextoTema.tsx" path="D:\PASTAC\Felipe Martini\Documentos\Next.js-Método\nextjs-app\app\contextoTema.tsx">
        <metrics statements="17" coveredstatements="13" conditionals="9" coveredconditionals="4" methods="4" coveredmethods="3"/>
        <line num="14" count="8" type="stmt"/>
        <line num="26" count="8" type="stmt"/>
        <line num="31" count="10" type="stmt"/>
        <line num="34" count="10" type="stmt"/>
        <line num="35" count="10" type="stmt"/>
        <line num="36" count="10" type="cond" truecount="1" falsecount="1"/>
        <line num="37" count="10" type="cond" truecount="2" falsecount="3"/>
        <line num="38" count="0" type="stmt"/>
        <line num="43" count="10" type="stmt"/>
        <line num="44" count="0" type="stmt"/>
        <line num="45" count="0" type="stmt"/>
        <line num="49" count="10" type="stmt"/>
        <line num="51" count="10" type="stmt"/>
        <line num="60" count="12" type="stmt"/>
        <line num="61" count="12" type="cond" truecount="1" falsecount="1"/>
        <line num="62" count="0" type="stmt"/>
        <line num="64" count="12" type="stmt"/>
      </file>
      <file name="page.tsx" path="D:\PASTAC\Felipe Martini\Documentos\Next.js-Método\nextjs-app\app\page.tsx">
        <metrics statements="4" coveredstatements="4" conditionals="0" coveredconditionals="0" methods="1" coveredmethods="1"/>
        <line num="2" count="1" type="stmt"/>
        <line num="9" count="2" type="stmt"/>
        <line num="10" count="2" type="stmt"/>
        <line num="11" count="2" type="stmt"/>
      </file>
      <file name="temas.ts" path="D:\PASTAC\Felipe Martini\Documentos\Next.js-Método\nextjs-app\app\temas.ts">
        <metrics statements="3" coveredstatements="3" conditionals="0" coveredconditionals="0" methods="0" coveredmethods="0"/>
        <line num="8" count="8" type="stmt"/>
        <line num="34" count="8" type="stmt"/>
        <line num="61" count="8" type="stmt"/>
      </file>
    </package>
    <package name="app.clientes">
      <metrics statements="4" coveredstatements="4" conditionals="0" coveredconditionals="0" methods="1" coveredmethods="1"/>
      <file name="page.tsx" path="D:\PASTAC\Felipe Martini\Documentos\Next.js-Método\nextjs-app\app\clientes\page.tsx">
        <metrics statements="4" coveredstatements="4" conditionals="0" coveredconditionals="0" methods="1" coveredmethods="1"/>
        <line num="2" count="1" type="stmt"/>
        <line num="8" count="1" type="stmt"/>
        <line num="9" count="1" type="stmt"/>
        <line num="10" count="1" type="stmt"/>
      </file>
    </package>
    <package name="app.contato">
      <metrics statements="3" coveredstatements="3" conditionals="0" coveredconditionals="0" methods="1" coveredmethods="1"/>
      <file name="page.tsx" path="D:\PASTAC\Felipe Martini\Documentos\Next.js-Método\nextjs-app\app\contato\page.tsx">
        <metrics statements="3" coveredstatements="3" conditionals="0" coveredconditionals="0" methods="1" coveredmethods="1"/>
        <line num="10" count="1" type="stmt"/>
        <line num="11" count="1" type="stmt"/>
        <line num="12" count="1" type="stmt"/>
      </file>
    </package>
    <package name="app.orcamento">
      <metrics statements="3" coveredstatements="3" conditionals="0" coveredconditionals="0" methods="1" coveredmethods="1"/>
      <file name="page.tsx" path="D:\PASTAC\Felipe Martini\Documentos\Next.js-Método\nextjs-app\app\orcamento\page.tsx">
        <metrics statements="3" coveredstatements="3" conditionals="0" coveredconditionals="0" methods="1" coveredmethods="1"/>
        <line num="8" count="1" type="stmt"/>
        <line num="9" count="1" type="stmt"/>
        <line num="10" count="1" type="stmt"/>
      </file>
    </package>
    <package name="app.servicos">
      <metrics statements="7" coveredstatements="7" conditionals="0" coveredconditionals="0" methods="2" coveredmethods="2"/>
      <file name="page.tsx" path="D:\PASTAC\Felipe Martini\Documentos\Next.js-Método\nextjs-app\app\servicos\page.tsx">
        <metrics statements="7" coveredstatements="7" conditionals="0" coveredconditionals="0" methods="2" coveredmethods="2"/>
        <line num="2" count="1" type="stmt"/>
        <line num="16" count="1" type="stmt"/>
        <line num="52" count="1" type="stmt"/>
        <line num="53" count="1" type="stmt"/>
        <line num="56" count="1" type="stmt"/>
        <line num="63" count="6" type="stmt"/>
        <line num="64" count="6" type="stmt"/>
      </file>
    </package>
    <package name="app.sobre">
      <metrics statements="4" coveredstatements="4" conditionals="0" coveredconditionals="0" methods="1" coveredmethods="1"/>
      <file name="page.tsx" path="D:\PASTAC\Felipe Martini\Documentos\Next.js-Método\nextjs-app\app\sobre\page.tsx">
        <metrics statements="4" coveredstatements="4" conditionals="0" coveredconditionals="0" methods="1" coveredmethods="1"/>
        <line num="4" count="1" type="stmt"/>
        <line num="15" count="1" type="stmt"/>
        <line num="16" count="1" type="stmt"/>
        <line num="17" count="1" type="stmt"/>
      </file>
    </package>
  </project>
</coverage>
