{"D:\\PASTAC\\Felipe Martini\\Documentos\\Next.js-Método\\nextjs-app\\app\\LayoutCliente.tsx": {"path":"D:\\PASTAC\\Felipe Martini\\Documentos\\Next.js-Método\\nextjs-app\\app\\LayoutCliente.tsx","statementMap":{"0":{"start":{"line":18,"column":38},"end":{"line":18,"column":47}},"1":{"start":{"line":19,"column":2},"end":{"line":36,"column":4}},"2":{"start":{"line":29,"column":27},"end":{"line":29,"column":77}},"3":{"start":{"line":41,"column":2},"end":{"line":90,"column":4}},"4":{"start":{"line":47,"column":10},"end":{"line":55,"column":11}},"5":{"start":{"line":48,"column":12},"end":{"line":54,"column":14}},"6":{"start":{"line":57,"column":30},"end":{"line":57,"column":38}},"7":{"start":{"line":59,"column":10},"end":{"line":86,"column":12}}},"fnMap":{"0":{"name":"SeletorTema","decl":{"start":{"line":16,"column":9},"end":{"line":16,"column":20}},"loc":{"start":{"line":16,"column":23},"end":{"line":37,"column":1}},"line":16},"1":{"name":"(anonymous_1)","decl":{"start":{"line":29,"column":20},"end":{"line":29,"column":21}},"loc":{"start":{"line":29,"column":27},"end":{"line":29,"column":77}},"line":29},"2":{"name":"LayoutCliente","decl":{"start":{"line":40,"column":24},"end":{"line":40,"column":37}},"loc":{"start":{"line":40,"column":77},"end":{"line":91,"column":1}},"line":40},"3":{"name":"(anonymous_3)","decl":{"start":{"line":45,"column":9},"end":{"line":45,"column":10}},"loc":{"start":{"line":45,"column":23},"end":{"line":87,"column":9}},"line":45}},"branchMap":{"0":{"loc":{"start":{"line":47,"column":10},"end":{"line":55,"column":11}},"type":"if","locations":[{"start":{"line":47,"column":10},"end":{"line":55,"column":11}},{"start":{},"end":{}}],"line":47}},"s":{"0":2,"1":2,"2":0,"3":2,"4":2,"5":0,"6":2,"7":2},"f":{"0":2,"1":0,"2":2,"3":2},"b":{"0":[0,2]},"_coverageSchema":"1a1c01bbd47fc00a2c39e90264f33305004495a9","hash":"d1b7f52581ce40053bd88da2b73b48cec487c15b"}
,"D:\\PASTAC\\Felipe Martini\\Documentos\\Next.js-Método\\nextjs-app\\app\\Rodape.tsx": {"path":"D:\\PASTAC\\Felipe Martini\\Documentos\\Next.js-Método\\nextjs-app\\app\\Rodape.tsx","statementMap":{"0":{"start":{"line":15,"column":24},"end":{"line":15,"column":33}},"1":{"start":{"line":16,"column":16},"end":{"line":16,"column":44}},"2":{"start":{"line":19,"column":2},"end":{"line":108,"column":4}}},"fnMap":{"0":{"name":"Rodape","decl":{"start":{"line":13,"column":24},"end":{"line":13,"column":30}},"loc":{"start":{"line":13,"column":33},"end":{"line":109,"column":1}},"line":13}},"branchMap":{},"s":{"0":3,"1":3,"2":3},"f":{"0":3},"b":{},"_coverageSchema":"1a1c01bbd47fc00a2c39e90264f33305004495a9","hash":"dd73142462450c7bf67db512e9f5514268c07095"}
,"D:\\PASTAC\\Felipe Martini\\Documentos\\Next.js-Método\\nextjs-app\\app\\contextoTema.tsx": {"path":"D:\\PASTAC\\Felipe Martini\\Documentos\\Next.js-Método\\nextjs-app\\app\\contextoTema.tsx","statementMap":{"0":{"start":{"line":14,"column":39},"end":{"line":17,"column":1}},"1":{"start":{"line":26,"column":28},"end":{"line":26,"column":83}},"2":{"start":{"line":31,"column":41},"end":{"line":31,"column":69}},"3":{"start":{"line":34,"column":2},"end":{"line":40,"column":9}},"4":{"start":{"line":35,"column":18},"end":{"line":35,"column":74}},"5":{"start":{"line":36,"column":22},"end":{"line":36,"column":77}},"6":{"start":{"line":37,"column":4},"end":{"line":39,"column":5}},"7":{"start":{"line":38,"column":6},"end":{"line":38,"column":35}},"8":{"start":{"line":43,"column":23},"end":{"line":46,"column":3}},"9":{"start":{"line":44,"column":4},"end":{"line":44,"column":28}},"10":{"start":{"line":45,"column":4},"end":{"line":45,"column":94}},"11":{"start":{"line":49,"column":18},"end":{"line":49,"column":34}},"12":{"start":{"line":51,"column":2},"end":{"line":55,"column":4}},"13":{"start":{"line":60,"column":19},"end":{"line":60,"column":43}},"14":{"start":{"line":61,"column":2},"end":{"line":63,"column":3}},"15":{"start":{"line":62,"column":4},"end":{"line":62,"column":69}},"16":{"start":{"line":64,"column":2},"end":{"line":64,"column":18}}},"fnMap":{"0":{"name":"ProvedorTema","decl":{"start":{"line":29,"column":16},"end":{"line":29,"column":28}},"loc":{"start":{"line":29,"column":68},"end":{"line":56,"column":1}},"line":29},"1":{"name":"(anonymous_1)","decl":{"start":{"line":34,"column":12},"end":{"line":34,"column":13}},"loc":{"start":{"line":34,"column":18},"end":{"line":40,"column":3}},"line":34},"2":{"name":"(anonymous_2)","decl":{"start":{"line":43,"column":23},"end":{"line":43,"column":24}},"loc":{"start":{"line":43,"column":43},"end":{"line":46,"column":3}},"line":43},"3":{"name":"useTema","decl":{"start":{"line":59,"column":16},"end":{"line":59,"column":23}},"loc":{"start":{"line":59,"column":26},"end":{"line":65,"column":1}},"line":59}},"branchMap":{"0":{"loc":{"start":{"line":36,"column":22},"end":{"line":36,"column":77}},"type":"cond-expr","locations":[{"start":{"line":36,"column":30},"end":{"line":36,"column":70}},{"start":{"line":36,"column":73},"end":{"line":36,"column":77}}],"line":36},"1":{"loc":{"start":{"line":37,"column":4},"end":{"line":39,"column":5}},"type":"if","locations":[{"start":{"line":37,"column":4},"end":{"line":39,"column":5}},{"start":{},"end":{}}],"line":37},"2":{"loc":{"start":{"line":37,"column":8},"end":{"line":37,"column":70}},"type":"binary-expr","locations":[{"start":{"line":37,"column":8},"end":{"line":37,"column":17}},{"start":{"line":37,"column":22},"end":{"line":37,"column":44}},{"start":{"line":37,"column":48},"end":{"line":37,"column":69}}],"line":37},"3":{"loc":{"start":{"line":61,"column":2},"end":{"line":63,"column":3}},"type":"if","locations":[{"start":{"line":61,"column":2},"end":{"line":63,"column":3}},{"start":{},"end":{}}],"line":61}},"s":{"0":8,"1":8,"2":10,"3":10,"4":10,"5":10,"6":10,"7":0,"8":10,"9":0,"10":0,"11":10,"12":10,"13":12,"14":12,"15":0,"16":12},"f":{"0":10,"1":10,"2":0,"3":12},"b":{"0":[0,10],"1":[0,10],"2":[10,0,0],"3":[0,12]},"_coverageSchema":"1a1c01bbd47fc00a2c39e90264f33305004495a9","hash":"6a4c232c774f6df1de09b475166e4fbd4d5511fb"}
,"D:\\PASTAC\\Felipe Martini\\Documentos\\Next.js-Método\\nextjs-app\\app\\page.tsx": {"path":"D:\\PASTAC\\Felipe Martini\\Documentos\\Next.js-Método\\nextjs-app\\app\\page.tsx","statementMap":{"0":{"start":{"line":2,"column":0},"end":{"line":2,"column":13}},"1":{"start":{"line":9,"column":33},"end":{"line":9,"column":42}},"2":{"start":{"line":10,"column":16},"end":{"line":10,"column":44}},"3":{"start":{"line":11,"column":2},"end":{"line":25,"column":4}}},"fnMap":{"0":{"name":"Home","decl":{"start":{"line":8,"column":24},"end":{"line":8,"column":28}},"loc":{"start":{"line":8,"column":31},"end":{"line":26,"column":1}},"line":8}},"branchMap":{},"s":{"0":1,"1":2,"2":2,"3":2},"f":{"0":2},"b":{},"_coverageSchema":"1a1c01bbd47fc00a2c39e90264f33305004495a9","hash":"8c6a0661ee908873933c133637dbb1636822b862"}
,"D:\\PASTAC\\Felipe Martini\\Documentos\\Next.js-Método\\nextjs-app\\app\\temas.ts": {"path":"D:\\PASTAC\\Felipe Martini\\Documentos\\Next.js-Método\\nextjs-app\\app\\temas.ts","statementMap":{"0":{"start":{"line":8,"column":26},"end":{"line":31,"column":2}},"1":{"start":{"line":34,"column":25},"end":{"line":57,"column":2}},"2":{"start":{"line":61,"column":33},"end":{"line":80,"column":1}}},"fnMap":{},"branchMap":{},"s":{"0":8,"1":8,"2":8},"f":{},"b":{},"_coverageSchema":"1a1c01bbd47fc00a2c39e90264f33305004495a9","hash":"4e0dc686dee9f6b8a058405812b989ec079b9243"}
,"D:\\PASTAC\\Felipe Martini\\Documentos\\Next.js-Método\\nextjs-app\\app\\clientes\\page.tsx": {"path":"D:\\PASTAC\\Felipe Martini\\Documentos\\Next.js-Método\\nextjs-app\\app\\clientes\\page.tsx","statementMap":{"0":{"start":{"line":2,"column":0},"end":{"line":2,"column":13}},"1":{"start":{"line":8,"column":33},"end":{"line":8,"column":42}},"2":{"start":{"line":9,"column":16},"end":{"line":9,"column":44}},"3":{"start":{"line":10,"column":2},"end":{"line":17,"column":4}}},"fnMap":{"0":{"name":"Clientes","decl":{"start":{"line":7,"column":24},"end":{"line":7,"column":32}},"loc":{"start":{"line":7,"column":35},"end":{"line":18,"column":1}},"line":7}},"branchMap":{},"s":{"0":1,"1":1,"2":1,"3":1},"f":{"0":1},"b":{},"_coverageSchema":"1a1c01bbd47fc00a2c39e90264f33305004495a9","hash":"b51dc1ded8fa583154ac39f33ca659aa09902806"}
,"D:\\PASTAC\\Felipe Martini\\Documentos\\Next.js-Método\\nextjs-app\\app\\contato\\page.tsx": {"path":"D:\\PASTAC\\Felipe Martini\\Documentos\\Next.js-Método\\nextjs-app\\app\\contato\\page.tsx","statementMap":{"0":{"start":{"line":10,"column":24},"end":{"line":10,"column":33}},"1":{"start":{"line":11,"column":16},"end":{"line":11,"column":44}},"2":{"start":{"line":12,"column":2},"end":{"line":17,"column":4}}},"fnMap":{"0":{"name":"Contato","decl":{"start":{"line":9,"column":24},"end":{"line":9,"column":31}},"loc":{"start":{"line":9,"column":34},"end":{"line":18,"column":1}},"line":9}},"branchMap":{},"s":{"0":1,"1":1,"2":1},"f":{"0":1},"b":{},"_coverageSchema":"1a1c01bbd47fc00a2c39e90264f33305004495a9","hash":"6fb2d10a94602bdc898cc5fc3651113a83fc3c72"}
,"D:\\PASTAC\\Felipe Martini\\Documentos\\Next.js-Método\\nextjs-app\\app\\orcamento\\page.tsx": {"path":"D:\\PASTAC\\Felipe Martini\\Documentos\\Next.js-Método\\nextjs-app\\app\\orcamento\\page.tsx","statementMap":{"0":{"start":{"line":8,"column":24},"end":{"line":8,"column":33}},"1":{"start":{"line":9,"column":16},"end":{"line":9,"column":44}},"2":{"start":{"line":10,"column":2},"end":{"line":15,"column":4}}},"fnMap":{"0":{"name":"Orcamento","decl":{"start":{"line":7,"column":24},"end":{"line":7,"column":33}},"loc":{"start":{"line":7,"column":36},"end":{"line":16,"column":1}},"line":7}},"branchMap":{},"s":{"0":1,"1":1,"2":1},"f":{"0":1},"b":{},"_coverageSchema":"1a1c01bbd47fc00a2c39e90264f33305004495a9","hash":"88e493a651642807ff8ae0f852dc1a7c438587d6"}
,"D:\\PASTAC\\Felipe Martini\\Documentos\\Next.js-Método\\nextjs-app\\app\\servicos\\page.tsx": {"path":"D:\\PASTAC\\Felipe Martini\\Documentos\\Next.js-Método\\nextjs-app\\app\\servicos\\page.tsx","statementMap":{"0":{"start":{"line":2,"column":0},"end":{"line":2,"column":13}},"1":{"start":{"line":16,"column":17},"end":{"line":48,"column":1}},"2":{"start":{"line":52,"column":33},"end":{"line":52,"column":42}},"3":{"start":{"line":53,"column":16},"end":{"line":53,"column":44}},"4":{"start":{"line":56,"column":2},"end":{"line":81,"column":4}},"5":{"start":{"line":63,"column":27},"end":{"line":63,"column":45}},"6":{"start":{"line":64,"column":10},"end":{"line":76,"column":12}}},"fnMap":{"0":{"name":"Servicos","decl":{"start":{"line":50,"column":24},"end":{"line":50,"column":32}},"loc":{"start":{"line":50,"column":35},"end":{"line":82,"column":1}},"line":50},"1":{"name":"(anonymous_1)","decl":{"start":{"line":62,"column":22},"end":{"line":62,"column":23}},"loc":{"start":{"line":62,"column":40},"end":{"line":77,"column":9}},"line":62}},"branchMap":{},"s":{"0":1,"1":1,"2":1,"3":1,"4":1,"5":6,"6":6},"f":{"0":1,"1":6},"b":{},"_coverageSchema":"1a1c01bbd47fc00a2c39e90264f33305004495a9","hash":"19dd2215db89cbd432d3a0140a8a7715a9f752cc"}
,"D:\\PASTAC\\Felipe Martini\\Documentos\\Next.js-Método\\nextjs-app\\app\\sobre\\page.tsx": {"path":"D:\\PASTAC\\Felipe Martini\\Documentos\\Next.js-Método\\nextjs-app\\app\\sobre\\page.tsx","statementMap":{"0":{"start":{"line":4,"column":0},"end":{"line":4,"column":13}},"1":{"start":{"line":15,"column":33},"end":{"line":15,"column":42}},"2":{"start":{"line":16,"column":16},"end":{"line":16,"column":44}},"3":{"start":{"line":17,"column":2},"end":{"line":55,"column":4}}},"fnMap":{"0":{"name":"Sobre","decl":{"start":{"line":13,"column":24},"end":{"line":13,"column":29}},"loc":{"start":{"line":13,"column":32},"end":{"line":56,"column":1}},"line":13}},"branchMap":{},"s":{"0":1,"1":1,"2":1,"3":1},"f":{"0":1},"b":{},"_coverageSchema":"1a1c01bbd47fc00a2c39e90264f33305004495a9","hash":"ace5c188fdde2afe7d64fb28e1e080d5efd2854c"}
}
