{"D:\\PASTAC\\Felipe Martini\\Documentos\\Next.js-Método\\nextjs-app\\app\\LayoutCliente.tsx": {"path":"D:\\PASTAC\\Felipe Martini\\Documentos\\Next.js-Método\\nextjs-app\\app\\LayoutCliente.tsx","statementMap":{"0":{"start":{"line":40,"column":24},"end":{"line":40,"column":38}},"1":{"start":{"line":3,"column":68},"end":{"line":3,"column":null}},"2":{"start":{"line":5,"column":30},"end":{"line":5,"column":null}},"3":{"start":{"line":6,"column":38},"end":{"line":6,"column":null}},"4":{"start":{"line":7,"column":18},"end":{"line":7,"column":null}},"5":{"start":{"line":10,"column":19},"end":{"line":10,"column":null}},"6":{"start":{"line":11,"column":17},"end":{"line":11,"column":null}},"7":{"start":{"line":18,"column":38},"end":{"line":18,"column":null}},"8":{"start":{"line":19,"column":2},"end":{"line":32,"column":null}},"9":{"start":{"line":29,"column":27},"end":{"line":29,"column":null}},"10":{"start":{"line":41,"column":2},"end":{"line":87,"column":null}},"11":{"start":{"line":47,"column":10},"end":{"line":55,"column":null}},"12":{"start":{"line":48,"column":12},"end":{"line":50,"column":null}},"13":{"start":{"line":57,"column":30},"end":{"line":57,"column":40}},"14":{"start":{"line":59,"column":10},"end":{"line":83,"column":null}}},"fnMap":{"0":{"name":"SeletorTema","decl":{"start":{"line":16,"column":9},"end":{"line":16,"column":null}},"loc":{"start":{"line":16,"column":9},"end":{"line":37,"column":null}}},"1":{"name":"(anonymous_3)","decl":{"start":{"line":29,"column":20},"end":{"line":29,"column":21}},"loc":{"start":{"line":29,"column":27},"end":{"line":29,"column":null}}},"2":{"name":"LayoutCliente","decl":{"start":{"line":40,"column":24},"end":{"line":40,"column":38}},"loc":{"start":{"line":40,"column":75},"end":{"line":91,"column":null}}},"3":{"name":"(anonymous_5)","decl":{"start":{"line":45,"column":9},"end":{"line":45,"column":10}},"loc":{"start":{"line":45,"column":10},"end":{"line":87,"column":null}}}},"branchMap":{"0":{"loc":{"start":{"line":47,"column":10},"end":{"line":55,"column":null}},"type":"if","locations":[{"start":{"line":47,"column":10},"end":{"line":55,"column":null}},{"start":{},"end":{}}]}},"s":{"0":2,"1":1,"2":1,"3":1,"4":1,"5":1,"6":1,"7":2,"8":2,"9":0,"10":2,"11":2,"12":0,"13":2,"14":2},"f":{"0":2,"1":0,"2":2,"3":2},"b":{"0":[0,2]}}
,"D:\\PASTAC\\Felipe Martini\\Documentos\\Next.js-Método\\nextjs-app\\app\\Rodape.tsx": {"path":"D:\\PASTAC\\Felipe Martini\\Documentos\\Next.js-Método\\nextjs-app\\app\\Rodape.tsx","statementMap":{"0":{"start":{"line":13,"column":24},"end":{"line":13,"column":null}},"1":{"start":{"line":5,"column":18},"end":{"line":5,"column":null}},"2":{"start":{"line":6,"column":50},"end":{"line":6,"column":null}},"3":{"start":{"line":7,"column":25},"end":{"line":7,"column":null}},"4":{"start":{"line":8,"column":26},"end":{"line":8,"column":null}},"5":{"start":{"line":9,"column":25},"end":{"line":9,"column":null}},"6":{"start":{"line":10,"column":24},"end":{"line":10,"column":null}},"7":{"start":{"line":11,"column":34},"end":{"line":11,"column":null}},"8":{"start":{"line":15,"column":24},"end":{"line":15,"column":null}},"9":{"start":{"line":16,"column":16},"end":{"line":16,"column":44}},"10":{"start":{"line":19,"column":2},"end":{"line":102,"column":null}}},"fnMap":{"0":{"name":"Rodape","decl":{"start":{"line":13,"column":24},"end":{"line":13,"column":null}},"loc":{"start":{"line":13,"column":24},"end":{"line":109,"column":null}}}},"branchMap":{},"s":{"0":3,"1":2,"2":2,"3":2,"4":2,"5":2,"6":2,"7":2,"8":3,"9":3,"10":3},"f":{"0":3},"b":{}}
,"D:\\PASTAC\\Felipe Martini\\Documentos\\Next.js-Método\\nextjs-app\\app\\contextoTema.tsx": {"path":"D:\\PASTAC\\Felipe Martini\\Documentos\\Next.js-Método\\nextjs-app\\app\\contextoTema.tsx","statementMap":{"0":{"start":{"line":26,"column":13},"end":{"line":26,"column":28}},"1":{"start":{"line":29,"column":16},"end":{"line":29,"column":29}},"2":{"start":{"line":59,"column":16},"end":{"line":59,"column":null}},"3":{"start":{"line":6,"column":81},"end":{"line":6,"column":null}},"4":{"start":{"line":7,"column":38},"end":{"line":7,"column":null}},"5":{"start":{"line":14,"column":39},"end":{"line":17,"column":null}},"6":{"start":{"line":26,"column":28},"end":{"line":26,"column":null}},"7":{"start":{"line":31,"column":41},"end":{"line":31,"column":null}},"8":{"start":{"line":34,"column":2},"end":{"line":40,"column":null}},"9":{"start":{"line":35,"column":18},"end":{"line":35,"column":null}},"10":{"start":{"line":36,"column":22},"end":{"line":36,"column":null}},"11":{"start":{"line":37,"column":4},"end":{"line":39,"column":null}},"12":{"start":{"line":38,"column":6},"end":{"line":38,"column":null}},"13":{"start":{"line":43,"column":23},"end":{"line":46,"column":null}},"14":{"start":{"line":44,"column":4},"end":{"line":44,"column":null}},"15":{"start":{"line":45,"column":4},"end":{"line":45,"column":null}},"16":{"start":{"line":49,"column":18},"end":{"line":49,"column":34}},"17":{"start":{"line":51,"column":2},"end":{"line":53,"column":null}},"18":{"start":{"line":60,"column":19},"end":{"line":60,"column":null}},"19":{"start":{"line":61,"column":2},"end":{"line":63,"column":null}},"20":{"start":{"line":62,"column":4},"end":{"line":62,"column":null}},"21":{"start":{"line":64,"column":2},"end":{"line":64,"column":null}}},"fnMap":{"0":{"name":"ProvedorTema","decl":{"start":{"line":29,"column":16},"end":{"line":29,"column":29}},"loc":{"start":{"line":29,"column":66},"end":{"line":56,"column":null}}},"1":{"name":"(anonymous_8)","decl":{"start":{"line":34,"column":12},"end":{"line":34,"column":null}},"loc":{"start":{"line":34,"column":12},"end":{"line":40,"column":5}}},"2":{"name":"(anonymous_9)","decl":{"start":{"line":43,"column":23},"end":{"line":43,"column":24}},"loc":{"start":{"line":43,"column":24},"end":{"line":46,"column":null}}},"3":{"name":"useTema","decl":{"start":{"line":59,"column":16},"end":{"line":59,"column":null}},"loc":{"start":{"line":59,"column":16},"end":{"line":65,"column":null}}}},"branchMap":{"0":{"loc":{"start":{"line":36,"column":22},"end":{"line":36,"column":null}},"type":"cond-expr","locations":[{"start":{"line":36,"column":30},"end":{"line":36,"column":73}},{"start":{"line":36,"column":73},"end":{"line":36,"column":null}}]},"1":{"loc":{"start":{"line":37,"column":4},"end":{"line":39,"column":null}},"type":"if","locations":[{"start":{"line":37,"column":4},"end":{"line":39,"column":null}},{"start":{},"end":{}}]},"2":{"loc":{"start":{"line":37,"column":8},"end":{"line":37,"column":72}},"type":"binary-expr","locations":[{"start":{"line":37,"column":8},"end":{"line":37,"column":22}},{"start":{"line":37,"column":22},"end":{"line":37,"column":48}},{"start":{"line":37,"column":48},"end":{"line":37,"column":68}}]},"3":{"loc":{"start":{"line":61,"column":2},"end":{"line":63,"column":null}},"type":"if","locations":[{"start":{"line":61,"column":2},"end":{"line":63,"column":null}},{"start":{},"end":{}}]}},"s":{"0":2,"1":10,"2":12,"3":8,"4":8,"5":8,"6":8,"7":10,"8":10,"9":10,"10":10,"11":10,"12":0,"13":10,"14":0,"15":0,"16":10,"17":10,"18":12,"19":12,"20":0,"21":12},"f":{"0":10,"1":10,"2":0,"3":12},"b":{"0":[0,10],"1":[0,10],"2":[10,0,0],"3":[0,12]}}
,"D:\\PASTAC\\Felipe Martini\\Documentos\\Next.js-Método\\nextjs-app\\app\\page.tsx": {"path":"D:\\PASTAC\\Felipe Martini\\Documentos\\Next.js-Método\\nextjs-app\\app\\page.tsx","statementMap":{"0":{"start":{"line":9,"column":24},"end":{"line":9,"column":null}},"1":{"start":{"line":3,"column":18},"end":{"line":3,"column":null}},"2":{"start":{"line":4,"column":43},"end":{"line":4,"column":null}},"3":{"start":{"line":5,"column":19},"end":{"line":5,"column":null}},"4":{"start":{"line":6,"column":24},"end":{"line":6,"column":null}},"5":{"start":{"line":7,"column":34},"end":{"line":7,"column":null}},"6":{"start":{"line":10,"column":33},"end":{"line":10,"column":null}},"7":{"start":{"line":11,"column":16},"end":{"line":11,"column":44}},"8":{"start":{"line":12,"column":2},"end":{"line":22,"column":null}}},"fnMap":{"0":{"name":"Home","decl":{"start":{"line":9,"column":24},"end":{"line":9,"column":null}},"loc":{"start":{"line":9,"column":24},"end":{"line":27,"column":null}}}},"branchMap":{},"s":{"0":2,"1":1,"2":1,"3":1,"4":1,"5":1,"6":2,"7":2,"8":2},"f":{"0":2},"b":{}}
,"D:\\PASTAC\\Felipe Martini\\Documentos\\Next.js-Método\\nextjs-app\\app\\temas.ts": {"path":"D:\\PASTAC\\Felipe Martini\\Documentos\\Next.js-Método\\nextjs-app\\app\\temas.ts","statementMap":{"0":{"start":{"line":61,"column":13},"end":{"line":61,"column":33}},"1":{"start":{"line":34,"column":13},"end":{"line":34,"column":25}},"2":{"start":{"line":8,"column":13},"end":{"line":8,"column":26}},"3":{"start":{"line":5,"column":28},"end":{"line":5,"column":null}},"4":{"start":{"line":8,"column":26},"end":{"line":31,"column":null}},"5":{"start":{"line":34,"column":25},"end":{"line":57,"column":null}},"6":{"start":{"line":61,"column":33},"end":{"line":80,"column":null}}},"fnMap":{},"branchMap":{},"s":{"0":10,"1":8,"2":8,"3":8,"4":8,"5":8,"6":8},"f":{},"b":{}}
,"D:\\PASTAC\\Felipe Martini\\Documentos\\Next.js-Método\\nextjs-app\\app\\clientes\\page.tsx": {"path":"D:\\PASTAC\\Felipe Martini\\Documentos\\Next.js-Método\\nextjs-app\\app\\clientes\\page.tsx","statementMap":{"0":{"start":{"line":8,"column":24},"end":{"line":8,"column":null}},"1":{"start":{"line":3,"column":18},"end":{"line":3,"column":null}},"2":{"start":{"line":4,"column":38},"end":{"line":4,"column":null}},"3":{"start":{"line":5,"column":24},"end":{"line":5,"column":null}},"4":{"start":{"line":6,"column":34},"end":{"line":6,"column":null}},"5":{"start":{"line":9,"column":33},"end":{"line":9,"column":null}},"6":{"start":{"line":10,"column":16},"end":{"line":10,"column":44}},"7":{"start":{"line":11,"column":2},"end":{"line":14,"column":null}}},"fnMap":{"0":{"name":"Clientes","decl":{"start":{"line":8,"column":24},"end":{"line":8,"column":null}},"loc":{"start":{"line":8,"column":24},"end":{"line":19,"column":null}}}},"branchMap":{},"s":{"0":1,"1":1,"2":1,"3":1,"4":1,"5":1,"6":1,"7":1},"f":{"0":1},"b":{}}
,"D:\\PASTAC\\Felipe Martini\\Documentos\\Next.js-Método\\nextjs-app\\app\\contato\\page.tsx": {"path":"D:\\PASTAC\\Felipe Martini\\Documentos\\Next.js-Método\\nextjs-app\\app\\contato\\page.tsx","statementMap":{"0":{"start":{"line":9,"column":24},"end":{"line":9,"column":null}},"1":{"start":{"line":5,"column":18},"end":{"line":5,"column":null}},"2":{"start":{"line":6,"column":24},"end":{"line":6,"column":null}},"3":{"start":{"line":7,"column":34},"end":{"line":7,"column":null}},"4":{"start":{"line":10,"column":24},"end":{"line":10,"column":null}},"5":{"start":{"line":11,"column":16},"end":{"line":11,"column":44}},"6":{"start":{"line":12,"column":2},"end":{"line":15,"column":null}}},"fnMap":{"0":{"name":"Contato","decl":{"start":{"line":9,"column":24},"end":{"line":9,"column":null}},"loc":{"start":{"line":9,"column":24},"end":{"line":18,"column":null}}}},"branchMap":{},"s":{"0":1,"1":1,"2":1,"3":1,"4":1,"5":1,"6":1},"f":{"0":1},"b":{}}
,"D:\\PASTAC\\Felipe Martini\\Documentos\\Next.js-Método\\nextjs-app\\app\\orcamento\\page.tsx": {"path":"D:\\PASTAC\\Felipe Martini\\Documentos\\Next.js-Método\\nextjs-app\\app\\orcamento\\page.tsx","statementMap":{"0":{"start":{"line":7,"column":24},"end":{"line":7,"column":null}},"1":{"start":{"line":3,"column":18},"end":{"line":3,"column":null}},"2":{"start":{"line":4,"column":24},"end":{"line":4,"column":null}},"3":{"start":{"line":5,"column":34},"end":{"line":5,"column":null}},"4":{"start":{"line":8,"column":24},"end":{"line":8,"column":null}},"5":{"start":{"line":9,"column":16},"end":{"line":9,"column":44}},"6":{"start":{"line":10,"column":2},"end":{"line":13,"column":null}}},"fnMap":{"0":{"name":"Orcamento","decl":{"start":{"line":7,"column":24},"end":{"line":7,"column":null}},"loc":{"start":{"line":7,"column":24},"end":{"line":16,"column":null}}}},"branchMap":{},"s":{"0":1,"1":1,"2":1,"3":1,"4":1,"5":1,"6":1},"f":{"0":1},"b":{}}
,"D:\\PASTAC\\Felipe Martini\\Documentos\\Next.js-Método\\nextjs-app\\app\\servicos\\page.tsx": {"path":"D:\\PASTAC\\Felipe Martini\\Documentos\\Next.js-Método\\nextjs-app\\app\\servicos\\page.tsx","statementMap":{"0":{"start":{"line":50,"column":24},"end":{"line":50,"column":null}},"1":{"start":{"line":3,"column":18},"end":{"line":3,"column":null}},"2":{"start":{"line":6,"column":62},"end":{"line":6,"column":null}},"3":{"start":{"line":8,"column":27},"end":{"line":8,"column":null}},"4":{"start":{"line":9,"column":28},"end":{"line":9,"column":null}},"5":{"start":{"line":10,"column":23},"end":{"line":10,"column":null}},"6":{"start":{"line":11,"column":23},"end":{"line":11,"column":null}},"7":{"start":{"line":12,"column":25},"end":{"line":12,"column":null}},"8":{"start":{"line":13,"column":26},"end":{"line":13,"column":null}},"9":{"start":{"line":14,"column":24},"end":{"line":14,"column":null}},"10":{"start":{"line":15,"column":34},"end":{"line":15,"column":null}},"11":{"start":{"line":17,"column":17},"end":{"line":48,"column":null}},"12":{"start":{"line":52,"column":33},"end":{"line":52,"column":null}},"13":{"start":{"line":53,"column":16},"end":{"line":53,"column":44}},"14":{"start":{"line":56,"column":2},"end":{"line":80,"column":null}},"15":{"start":{"line":65,"column":27},"end":{"line":65,"column":40}},"16":{"start":{"line":66,"column":10},"end":{"line":75,"column":null}}},"fnMap":{"0":{"name":"Servicos","decl":{"start":{"line":50,"column":24},"end":{"line":50,"column":null}},"loc":{"start":{"line":50,"column":24},"end":{"line":85,"column":null}}},"1":{"name":"(anonymous_3)","decl":{"start":{"line":64,"column":22},"end":{"line":64,"column":23}},"loc":{"start":{"line":64,"column":32},"end":{"line":80,"column":null}}}},"branchMap":{},"s":{"0":1,"1":1,"2":1,"3":1,"4":1,"5":1,"6":1,"7":1,"8":1,"9":1,"10":1,"11":1,"12":1,"13":1,"14":1,"15":6,"16":6},"f":{"0":1,"1":6},"b":{}}
,"D:\\PASTAC\\Felipe Martini\\Documentos\\Next.js-Método\\nextjs-app\\app\\sobre\\page.tsx": {"path":"D:\\PASTAC\\Felipe Martini\\Documentos\\Next.js-Método\\nextjs-app\\app\\sobre\\page.tsx","statementMap":{"0":{"start":{"line":11,"column":24},"end":{"line":11,"column":null}},"1":{"start":{"line":3,"column":18},"end":{"line":3,"column":null}},"2":{"start":{"line":6,"column":43},"end":{"line":6,"column":null}},"3":{"start":{"line":7,"column":18},"end":{"line":7,"column":null}},"4":{"start":{"line":8,"column":24},"end":{"line":8,"column":null}},"5":{"start":{"line":9,"column":34},"end":{"line":9,"column":null}},"6":{"start":{"line":13,"column":33},"end":{"line":13,"column":null}},"7":{"start":{"line":14,"column":16},"end":{"line":14,"column":44}}},"fnMap":{"0":{"name":"Sobre","decl":{"start":{"line":11,"column":24},"end":{"line":11,"column":null}},"loc":{"start":{"line":11,"column":24},"end":{"line":65,"column":null}}}},"branchMap":{},"s":{"0":1,"1":1,"2":1,"3":1,"4":1,"5":1,"6":1,"7":1},"f":{"0":1},"b":{}}
}
