TN:
SF:app\LayoutCliente.tsx
FN:16,SeletorTema
FN:29,(anonymous_1)
FN:40,LayoutCliente
FN:45,(anonymous_3)
FNF:4
FNH:3
FNDA:2,SeletorTema
FNDA:0,(anonymous_1)
FNDA:2,LayoutCliente
FNDA:2,(anonymous_3)
DA:18,2
DA:19,2
DA:29,0
DA:41,2
DA:47,2
DA:48,0
DA:57,2
DA:59,2
LF:8
LH:6
BRDA:47,0,0,0
BRDA:47,0,1,2
BRF:2
BRH:1
end_of_record
TN:
SF:app\Rodape.tsx
FN:13,Rodape
FNF:1
FNH:1
FNDA:3,Rodape
DA:15,3
DA:16,3
DA:19,3
LF:3
LH:3
BRF:0
BRH:0
end_of_record
TN:
SF:app\contextoTema.tsx
FN:29,ProvedorTema
FN:34,(anonymous_1)
FN:43,(anonymous_2)
FN:59,useTema
FNF:4
FNH:3
FNDA:5,ProvedorTema
FNDA:5,(anonymous_1)
FNDA:0,(anonymous_2)
FNDA:7,useTema
DA:14,3
DA:26,3
DA:31,5
DA:34,5
DA:35,5
DA:36,5
DA:37,5
DA:38,0
DA:43,5
DA:44,0
DA:45,0
DA:49,5
DA:51,5
DA:60,7
DA:61,7
DA:62,0
DA:64,7
LF:17
LH:13
BRDA:36,0,0,0
BRDA:36,0,1,5
BRDA:37,1,0,0
BRDA:37,1,1,5
BRDA:37,2,0,5
BRDA:37,2,1,0
BRDA:37,2,2,0
BRDA:61,3,0,0
BRDA:61,3,1,7
BRF:9
BRH:4
end_of_record
TN:
SF:app\page.tsx
FN:8,Home
FNF:1
FNH:1
FNDA:2,Home
DA:2,1
DA:9,2
DA:10,2
DA:11,2
LF:4
LH:4
BRF:0
BRH:0
end_of_record
TN:
SF:app\temas.ts
FNF:0
FNH:0
DA:8,3
DA:34,3
DA:61,3
LF:3
LH:3
BRF:0
BRH:0
end_of_record
