TN:
SF:app\LayoutCliente.tsx
FN:16,SeletorTema
FN:29,(anonymous_1)
FN:40,LayoutCliente
FN:45,(anonymous_3)
FNF:4
FNH:3
FNDA:2,SeletorTema
FNDA:0,(anonymous_1)
FNDA:2,LayoutCliente
FNDA:2,(anonymous_3)
DA:18,2
DA:19,2
DA:29,0
DA:41,2
DA:47,2
DA:48,0
DA:57,2
DA:59,2
LF:8
LH:6
BRDA:47,0,0,0
BRDA:47,0,1,2
BRF:2
BRH:1
end_of_record
TN:
SF:app\Rodape.tsx
FN:13,Rodape
FNF:1
FNH:1
FNDA:3,Rodape
DA:15,3
DA:16,3
DA:19,3
LF:3
LH:3
BRF:0
BRH:0
end_of_record
TN:
SF:app\contextoTema.tsx
FN:29,ProvedorTema
FN:34,(anonymous_1)
FN:43,(anonymous_2)
FN:59,useTema
FNF:4
FNH:3
FNDA:10,ProvedorTema
FNDA:10,(anonymous_1)
FNDA:0,(anonymous_2)
FNDA:12,useTema
DA:14,8
DA:26,8
DA:31,10
DA:34,10
DA:35,10
DA:36,10
DA:37,10
DA:38,0
DA:43,10
DA:44,0
DA:45,0
DA:49,10
DA:51,10
DA:60,12
DA:61,12
DA:62,0
DA:64,12
LF:17
LH:13
BRDA:36,0,0,0
BRDA:36,0,1,10
BRDA:37,1,0,0
BRDA:37,1,1,10
BRDA:37,2,0,10
BRDA:37,2,1,0
BRDA:37,2,2,0
BRDA:61,3,0,0
BRDA:61,3,1,12
BRF:9
BRH:4
end_of_record
TN:
SF:app\page.tsx
FN:8,Home
FNF:1
FNH:1
FNDA:2,Home
DA:2,1
DA:9,2
DA:10,2
DA:11,2
LF:4
LH:4
BRF:0
BRH:0
end_of_record
TN:
SF:app\temas.ts
FNF:0
FNH:0
DA:8,8
DA:34,8
DA:61,8
LF:3
LH:3
BRF:0
BRH:0
end_of_record
TN:
SF:app\clientes\page.tsx
FN:7,Clientes
FNF:1
FNH:1
FNDA:1,Clientes
DA:2,1
DA:8,1
DA:9,1
DA:10,1
LF:4
LH:4
BRF:0
BRH:0
end_of_record
TN:
SF:app\contato\page.tsx
FN:9,Contato
FNF:1
FNH:1
FNDA:1,Contato
DA:10,1
DA:11,1
DA:12,1
LF:3
LH:3
BRF:0
BRH:0
end_of_record
TN:
SF:app\orcamento\page.tsx
FN:7,Orcamento
FNF:1
FNH:1
FNDA:1,Orcamento
DA:8,1
DA:9,1
DA:10,1
LF:3
LH:3
BRF:0
BRH:0
end_of_record
TN:
SF:app\servicos\page.tsx
FN:50,Servicos
FN:62,(anonymous_1)
FNF:2
FNH:2
FNDA:1,Servicos
FNDA:6,(anonymous_1)
DA:2,1
DA:16,1
DA:52,1
DA:53,1
DA:56,1
DA:63,6
DA:64,6
LF:7
LH:7
BRF:0
BRH:0
end_of_record
TN:
SF:app\sobre\page.tsx
FN:13,Sobre
FNF:1
FNH:1
FNDA:1,Sobre
DA:4,1
DA:15,1
DA:16,1
DA:17,1
LF:4
LH:4
BRF:0
BRH:0
end_of_record
